<?xml version="1.0" encoding="UTF-8"?>
<!-- Generated by org.testng.reporters.JUnitXMLReporter -->
<testsuite ignored="0" hostname="DESKTOP-23CB6RA" failures="0" tests="1" name="Test" time="0.125" errors="0" timestamp="27 Sep 2018 10:12:41 GMT">
  <testcase classname="generic.BaseTest" name="@BeforeMethod openBrowser" time="0.0">
    <failure type="org.testng.TestNGException" message="
Method openBrowser requires 3 parameters but 2 were supplied in the BeforeMethod annotation.">
      <![CDATA[org.testng.TestNGException: 
Method openBrowser requires 3 parameters but 2 were supplied in the BeforeMethod annotation.
... Removed 25 stack frames]]>
    </failure>
  </testcase> <!-- @BeforeMethod openBrowser -->
  <testcase classname="generic.BaseTest" name="@AfterMethod closeBrowser" time="0.0">
    <skipped/>
  </testcase> <!-- @AfterMethod closeBrowser -->
  <testcase classname="script.TestDemo" name="testA" time="0.0">
    <skipped/>
  </testcase> <!-- testA -->
</testsuite> <!-- Test -->
